<?xml version="1.0" encoding="UTF-8"?>
<testng-results ignored="0" total="1" passed="1" failed="0" skipped="0">
  <reporter-output>
  </reporter-output>
  <suite started-at="2022-11-28T09:25:43 IST" name="Default suite" finished-at="2022-11-28T09:25:45 IST" duration-ms="1819">
    <groups>
    </groups>
    <test started-at="2022-11-28T09:25:43 IST" name="Default test" finished-at="2022-11-28T09:25:45 IST" duration-ms="1819">
      <class name="com.APITest.Employee.SendDataWithHelpOfExcel">
        <test-method signature="postRequestEmployeeUSingExcel()[pri:0, instance:com.APITest.Employee.SendDataWithHelpOfExcel@383bfa16]" started-at="2022-11-28T09:25:43 IST" name="postRequestEmployeeUSingExcel" finished-at="2022-11-28T09:25:45 IST" duration-ms="1785" status="PASS">
          <reporter-output>
          </reporter-output>
        </test-method> <!-- postRequestEmployeeUSingExcel -->
      </class> <!-- com.APITest.Employee.SendDataWithHelpOfExcel -->
    </test> <!-- Default test -->
  </suite> <!-- Default suite -->
</testng-results>
